#
# A fatal error has been detected by the Java Runtime Environment:
#
#  Internal Error (javaClasses.cpp:136), pid=10648, tid=7564
#  fatal error: Invalid layout of preloaded class
#
# JRE version:  (7.0_51-b13) (build )
# Java VM: Java HotSpot(TM) 64-Bit Server VM (24.51-b03 mixed mode windows-amd64 compressed oops)
# Failed to write core dump. Minidumps are not enabled by default on client versions of Windows
#
# If you would like to submit a bug report, please visit:
#   http://bugreport.sun.com/bugreport/crash.jsp
#

---------------  T H R E A D  ---------------

Current thread (0x000000000287e800):  JavaThread "Unknown thread" [_thread_in_vm, id=7564, stack(0x0000000002b70000,0x0000000002c70000)]

Stack: [0x0000000002b70000,0x0000000002c70000]

---------------  P R O C E S S  ---------------

Java Threads: ( => current thread )

Other Threads:

=>0x000000000287e800 (exited) JavaThread "Unknown thread" [_thread_in_vm, id=7564, stack(0x0000000002b70000,0x0000000002c70000)]

VM state:not at safepoint (not fully initialized)

VM Mutex/Monitor currently owned by a thread: None

GC Heap History (0 events):
No events

Deoptimization events (0 events):
No events

Internal exceptions (0 events):
No events

Events (10 events):
Event: 0.095 loading class 0x00000000027acab0 done
Event: 0.096 loading class 0x00000000027ac4d0 done
Event: 0.096 loading class 0x00000000027ac4b0
Event: 0.096 loading class 0x00000000027b45b0
Event: 0.097 loading class 0x00000000027b45b0 done
Event: 0.097 loading class 0x00000000027b45e0
Event: 0.097 loading class 0x00000000027b45e0 done
Event: 0.097 loading class 0x00000000027b4610
Event: 0.098 loading class 0x00000000027b4610 done
Event: 0.098 loading class 0x00000000027ac4b0 done


Dynamic libraries:
0x000000013fcf0000 - 0x000000013fd23000 	C:\4java\jre7\bin\javaw.exe
0x0000000076cd0000 - 0x0000000076e79000 	C:\Windows\SYSTEM32\ntdll.dll
0x00000000769a0000 - 0x0000000076abf000 	C:\Windows\system32\kernel32.dll
0x000007fefd470000 - 0x000007fefd4db000 	C:\Windows\system32\KERNELBASE.dll
0x00000000744f0000 - 0x0000000074577000 	C:\Windows\System32\SYSFER.DLL
0x000007fefee60000 - 0x000007fefef3b000 	C:\Windows\system32\ADVAPI32.dll
0x000007fefe830000 - 0x000007fefe8cf000 	C:\Windows\system32\msvcrt.dll
0x000007fefe810000 - 0x000007fefe82f000 	C:\Windows\SYSTEM32\sechost.dll
0x000007fefed30000 - 0x000007fefee5d000 	C:\Windows\system32\RPCRT4.dll
0x00000000765f0000 - 0x00000000766ea000 	C:\Windows\system32\USER32.dll
0x000007fefd600000 - 0x000007fefd667000 	C:\Windows\system32\GDI32.dll
0x000007fefd670000 - 0x000007fefd67e000 	C:\Windows\system32\LPK.dll
0x000007fefe740000 - 0x000007fefe809000 	C:\Windows\system32\USP10.dll
0x000007fefbbf0000 - 0x000007fefbde4000 	C:\Windows\WinSxS\amd64_microsoft.windows.common-controls_6595b64144ccf1df_6.0.7601.17514_none_fa396087175ac9ac\COMCTL32.dll
0x000007fefe620000 - 0x000007fefe691000 	C:\Windows\system32\SHLWAPI.dll
0x000007fefea30000 - 0x000007fefea5e000 	C:\Windows\system32\IMM32.DLL
0x000007fefe920000 - 0x000007fefea29000 	C:\Windows\system32\MSCTF.dll
0x0000000070780000 - 0x0000000070852000 	C:\4java\jre7\bin\msvcr100.dll
0x000000005c440000 - 0x000000005cc09000 	C:\4java\jre7\bin\server\jvm.dll
0x000007fef4600000 - 0x000007fef4609000 	C:\Windows\system32\WSOCK32.dll
0x000007fefe8d0000 - 0x000007fefe91d000 	C:\Windows\system32\WS2_32.dll
0x000007fefec40000 - 0x000007fefec48000 	C:\Windows\system32\NSI.dll
0x000007fefb480000 - 0x000007fefb4bb000 	C:\Windows\system32\WINMM.dll
0x0000000076e90000 - 0x0000000076e97000 	C:\Windows\system32\PSAPI.DLL
0x0000000074400000 - 0x000000007440f000 	C:\4java\jre7\bin\verify.dll
0x00000000741a0000 - 0x00000000741c8000 	C:\4java\jre7\bin\java.dll
0x00000000742e0000 - 0x00000000742f5000 	C:\4java\jre7\bin\zip.dll

VM Arguments:
jvm_args: -Dfile.encoding=UTF-8 -Xbootclasspath:C:\12work\SDK\sdk\platforms\android-19\android.jar 
java_command: org.shine.stb.remote.Protocol
Launcher Type: SUN_STANDARD

Environment Variables:
JAVA_HOME=C:\4java\jdk1.7.0_51
CLASSPATH=;C:\4java\jdk1.7.0_51\lib;C:\4java\jdk1.7.0_51\lib\tools.jar;C:\4java\apache-tomcat-7.0.42\common\lib\servlet-api.jar
PATH=C:\4java\Python27\;C:\Windows\system32;C:\Windows;C:\Windows\System32\Wbem;C:\Windows\System32\WindowsPowerShell\v1.0\;C:\4java\jdk1.7.0_51\bin;C:\4java\apache-maven-3.0.4\bin;C:\4java\apache-tomcat-7.0.42\bin;;C:\Program Files (x86)\SecureCRT\;C:\Program Files\Microsoft SQL Server\110\Tools\Binn\;C:\AppServ\Apache2.2\bin;C:\AppServ\php5;C:\AppServ\MySQL\bin;C:\4java\SSH;C:\Program Files (x86)\DBank\ClickUp
USERNAME=eqruvvz
OS=Windows_NT
PROCESSOR_IDENTIFIER=Intel64 Family 6 Model 42 Stepping 7, GenuineIntel



---------------  S Y S T E M  ---------------

OS: Windows 7 , 64 bit Build 7601 Service Pack 1

CPU:total 4 (2 cores per cpu, 2 threads per core) family 6 model 42 stepping 7, cmov, cx8, fxsr, mmx, sse, sse2, sse3, ssse3, sse4.1, sse4.2, popcnt, avx, aes, ht, tsc, tscinvbit

Memory: 4k page, physical 4102456k(453060k free), swap 8203056k(2402544k free)

vm_info: Java HotSpot(TM) 64-Bit Server VM (24.51-b03) for windows-amd64 JRE (1.7.0_51-b13), built on Dec 18 2013 18:40:56 by "java_re" with unknown MS VC++:1600

time: Wed Oct 15 13:45:19 2014
elapsed time: 0 seconds

