#
# A fatal error has been detected by the Java Runtime Environment:
#
#  Internal Error (javaClasses.cpp:136), pid=2548, tid=8796
#  fatal error: Invalid layout of preloaded class
#
# JRE version:  (7.0_51-b13) (build )
# Java VM: Java HotSpot(TM) 64-Bit Server VM (24.51-b03 mixed mode windows-amd64 compressed oops)
# Failed to write core dump. Minidumps are not enabled by default on client versions of Windows
#
# If you would like to submit a bug report, please visit:
#   http://bugreport.sun.com/bugreport/crash.jsp
#

---------------  T H R E A D  ---------------

Current thread (0x00000000004ce800):  JavaThread "Unknown thread" [_thread_in_vm, id=8796, stack(0x00000000029f0000,0x0000000002af0000)]

Stack: [0x00000000029f0000,0x0000000002af0000]

---------------  P R O C E S S  ---------------

Java Threads: ( => current thread )

Other Threads:

=>0x00000000004ce800 (exited) JavaThread "Unknown thread" [_thread_in_vm, id=8796, stack(0x00000000029f0000,0x0000000002af0000)]

VM state:not at safepoint (not fully initialized)

VM Mutex/Monitor currently owned by a thread: None

GC Heap History (0 events):
No events

Deoptimization events (0 events):
No events

Internal exceptions (0 events):
No events

Events (10 events):
Event: 0.043 loading class 0x0000000002700b30 done
Event: 0.043 loading class 0x0000000002700550 done
Event: 0.043 loading class 0x0000000002700530
Event: 0.044 loading class 0x0000000002708630
Event: 0.044 loading class 0x0000000002708630 done
Event: 0.044 loading class 0x0000000002708660
Event: 0.044 loading class 0x0000000002708660 done
Event: 0.044 loading class 0x0000000002708690
Event: 0.044 loading class 0x0000000002708690 done
Event: 0.044 loading class 0x0000000002700530 done


Dynamic libraries:
0x000000013ff10000 - 0x000000013ff43000 	C:\4java\jre7\bin\javaw.exe
0x0000000076f80000 - 0x0000000077129000 	C:\Windows\SYSTEM32\ntdll.dll
0x00000000769f0000 - 0x0000000076b0f000 	C:\Windows\system32\kernel32.dll
0x000007fefd740000 - 0x000007fefd7ab000 	C:\Windows\system32\KERNELBASE.dll
0x00000000747a0000 - 0x0000000074827000 	C:\Windows\System32\SYSFER.DLL
0x000007fefd7b0000 - 0x000007fefd88b000 	C:\Windows\system32\ADVAPI32.dll
0x000007fefe840000 - 0x000007fefe8df000 	C:\Windows\system32\msvcrt.dll
0x000007feff1a0000 - 0x000007feff1bf000 	C:\Windows\SYSTEM32\sechost.dll
0x000007fefe6a0000 - 0x000007fefe7cd000 	C:\Windows\system32\RPCRT4.dll
0x0000000076c70000 - 0x0000000076d6a000 	C:\Windows\system32\USER32.dll
0x000007fefe7d0000 - 0x000007fefe837000 	C:\Windows\system32\GDI32.dll
0x000007fefeab0000 - 0x000007fefeabe000 	C:\Windows\system32\LPK.dll
0x000007feff1c0000 - 0x000007feff289000 	C:\Windows\system32\USP10.dll
0x000007fefbe70000 - 0x000007fefc064000 	C:\Windows\WinSxS\amd64_microsoft.windows.common-controls_6595b64144ccf1df_6.0.7601.17514_none_fa396087175ac9ac\COMCTL32.dll
0x000007fefe920000 - 0x000007fefe991000 	C:\Windows\system32\SHLWAPI.dll
0x000007fefe8e0000 - 0x000007fefe90e000 	C:\Windows\system32\IMM32.DLL
0x000007fefe9a0000 - 0x000007fefeaa9000 	C:\Windows\system32\MSCTF.dll
0x0000000066530000 - 0x0000000066602000 	C:\4java\jre7\bin\msvcr100.dll
0x000000005d7d0000 - 0x000000005df99000 	C:\4java\jre7\bin\server\jvm.dll
0x000007fef48b0000 - 0x000007fef48b9000 	C:\Windows\system32\WSOCK32.dll
0x000007fefeb40000 - 0x000007fefeb8d000 	C:\Windows\system32\WS2_32.dll
0x000007fefe910000 - 0x000007fefe918000 	C:\Windows\system32\NSI.dll
0x000007fefb6d0000 - 0x000007fefb70b000 	C:\Windows\system32\WINMM.dll
0x0000000077140000 - 0x0000000077147000 	C:\Windows\system32\PSAPI.DLL
0x0000000074480000 - 0x000000007448f000 	C:\4java\jre7\bin\verify.dll
0x0000000074450000 - 0x0000000074478000 	C:\4java\jre7\bin\java.dll
0x0000000074430000 - 0x0000000074445000 	C:\4java\jre7\bin\zip.dll

VM Arguments:
jvm_args: -Dfile.encoding=UTF-8 -Xbootclasspath:C:\12work\SDK\sdk\platforms\android-19\android.jar 
java_command: org.shine.stb.remote.RemoteParameter
Launcher Type: SUN_STANDARD

Environment Variables:
JAVA_HOME=C:\4java\jdk1.7.0_51
CLASSPATH=;C:\4java\jdk1.7.0_51\lib;C:\4java\jdk1.7.0_51\lib\tools.jar;C:\4java\apache-tomcat-7.0.42\common\lib\servlet-api.jar
PATH=C:\4java\Python27\;C:\Windows\system32;C:\Windows;C:\Windows\System32\Wbem;C:\Windows\System32\WindowsPowerShell\v1.0\;C:\4java\jdk1.7.0_51\bin;C:\4java\apache-maven-3.0.4\bin;C:\4java\apache-tomcat-7.0.42\bin;;C:\Program Files (x86)\SecureCRT\;C:\Program Files\Microsoft SQL Server\110\Tools\Binn\;C:\Program Files\nodejs\;C:\AppServ\Apache2.2\bin;C:\AppServ\php5;C:\AppServ\MySQL\bin;C:\4java\SSH;C:\Program Files (x86)\DBank\ClickUp;C:\Users\eqruvvz\AppData\Roaming\npm
USERNAME=eqruvvz
OS=Windows_NT
PROCESSOR_IDENTIFIER=Intel64 Family 6 Model 42 Stepping 7, GenuineIntel



---------------  S Y S T E M  ---------------

OS: Windows 7 , 64 bit Build 7601 Service Pack 1

CPU:total 4 (2 cores per cpu, 2 threads per core) family 6 model 42 stepping 7, cmov, cx8, fxsr, mmx, sse, sse2, sse3, ssse3, sse4.1, sse4.2, popcnt, avx, aes, ht, tsc, tscinvbit

Memory: 4k page, physical 4102456k(527968k free), swap 8203056k(3135936k free)

vm_info: Java HotSpot(TM) 64-Bit Server VM (24.51-b03) for windows-amd64 JRE (1.7.0_51-b13), built on Dec 18 2013 18:40:56 by "java_re" with unknown MS VC++:1600

time: Thu Oct 16 10:23:19 2014
elapsed time: 0 seconds

